<?xml version="1.0" encoding="UTF-8"?>
<!-- Generated by org.testng.reporters.JUnitXMLReporter -->
<testsuite hostname="AUM" ignored="0" name="Login Test" tests="1" failures="1" timestamp="12 Apr 2020 14:19:31 GMT" time="0.081" errors="0">
  <testcase name="verifyUserShouldNavigateToLoginPage" time="0.012" classname="com.demo.nopcommerce.testsuite.LoginTest">
    <failure type="java.lang.NullPointerException">
      <![CDATA[java.lang.NullPointerException
at com.demo.nopcommerce.utility.Utility.clickOnElement(Utility.java:57)
at com.demo.nopcommerce.pages.HomePage.clickOnLoginLink(HomePage.java:16)
at com.demo.nopcommerce.testsuite.LoginTest.verifyUserShouldNavigateToLoginPage(LoginTest.java:19)
... Removed 29 stack frames]]>
    </failure>
  </testcase> <!-- verifyUserShouldNavigateToLoginPage -->
</testsuite> <!-- Login Test -->
