<?xml version="1.0" encoding="UTF-8"?>
<!-- Generated by org.testng.reporters.JUnitXMLReporter -->
<testsuite hostname="DESKTOP-H84TQ4F" ignored="0" name="Surefire test" tests="2" failures="0" timestamp="16 Apr 2020 17:06:55 GMT" time="96.42" errors="0">
  <testcase name="verifyUserShouldNotLoginWithInvalidUserNameAndPassword" time="12.013" classname="uk.co.expedia.testsuite.LoginTest"/>
  <testcase name="verifyUserShouldFindDestinationAccordingToUserRequirement" time="11.902" classname="uk.co.expedia.testsuite.FlightTest"/>
</testsuite> <!-- Surefire test -->
