-------------------------------------------------------------------------------
Test set: TestSuite
-------------------------------------------------------------------------------
Tests run: 1, Failures: 1, Errors: 0, Skipped: 0, Time elapsed: 2.327 s <<< FAILURE! - in TestSuite
verifyUserShouldNavigateToLoginPage(com.demo.nopcommerce.testsuite.LoginTest)  Time elapsed: 0.02 s  <<< FAILURE!
java.lang.NullPointerException
	at com.demo.nopcommerce.testsuite.LoginTest.verifyUserShouldNavigateToLoginPage(LoginTest.java:19)

