<?xml version="1.0" encoding="UTF-8"?>
<!-- Generated by org.testng.reporters.JUnitXMLReporter -->
<testsuite hostname="LAPTOP-C1H7GVRS" ignored="0" name="Login Test" tests="2" failures="1" timestamp="11 Apr 2020 17:39:40 GMT" time="32.943" errors="0">
  <testcase name="verifyUserShouldNavigateToLoginPage" time="1.575" classname="com.demo.nopcommerce.testsuite.LoginTest"/>
  <testcase name="verifyUserShouldNavigateToLoginPage1" time="1.615" classname="com.demo.nopcommerce.testsuite.LoginTest1">
    <failure type="java.lang.AssertionError" message="expected [Welcome, Please Sign In!] but found [Welcome, Pleasee Sign In!]">
      <![CDATA[java.lang.AssertionError: expected [Welcome, Please Sign In!] but found [Welcome, Pleasee Sign In!]
at com.demo.nopcommerce.testsuite.LoginTest1.verifyUserShouldNavigateToLoginPage1(LoginTest1.java:20)
at com.intellij.rt.testng.IDEARemoteTestNG.run(IDEARemoteTestNG.java:66)
at com.intellij.rt.testng.RemoteTestNGStarter.main(RemoteTestNGStarter.java:110)
... Removed 28 stack frames]]>
    </failure>
  </testcase> <!-- verifyUserShouldNavigateToLoginPage1 -->
</testsuite> <!-- Login Test -->
