<?xml version="1.0" encoding="UTF-8"?>
<!-- Generated by org.testng.reporters.JUnitXMLReporter -->
<testsuite hostname="AUM" ignored="0" name="sample-maven-project" tests="3" failures="0" timestamp="18 Apr 2020 13:39:37 GMT" time="0.246" errors="0">
  <testcase name="test1" time="0.05" classname="com.demo.nopcommerce.TesstNG.TestNGRetryFailedDemo"/>
  <testcase name="test2" time="0.001" classname="com.demo.nopcommerce.TesstNG.TestNGRetryFailedDemo"/>
  <testcase name="test3" time="0.004" classname="com.demo.nopcommerce.TesstNG.TestNGRetryFailedDemo"/>
</testsuite> <!-- sample-maven-project -->
