<?xml version="1.0" encoding="UTF-8"?>
<testng-results skipped="0" failed="0" ignored="0" total="3" passed="3">
  <reporter-output>
  </reporter-output>
  <suite name="Default Suite" duration-ms="246" started-at="2020-04-18T13:39:37Z" finished-at="2020-04-18T13:39:37Z">
    <groups>
    </groups>
    <test name="sample-maven-project" duration-ms="246" started-at="2020-04-18T13:39:37Z" finished-at="2020-04-18T13:39:37Z">
      <class name="com.demo.nopcommerce.TesstNG.TestNGRetryFailedDemo">
        <test-method status="PASS" signature="test1()[pri:0, instance:com.demo.nopcommerce.TesstNG.TestNGRetryFailedDemo@1b0375b3]" name="test1" duration-ms="50" started-at="2020-04-18T13:39:37Z" finished-at="2020-04-18T13:39:37Z">
          <reporter-output>
          </reporter-output>
        </test-method> <!-- test1 -->
        <test-method status="PASS" signature="test2()[pri:0, instance:com.demo.nopcommerce.TesstNG.TestNGRetryFailedDemo@1b0375b3]" name="test2" duration-ms="1" started-at="2020-04-18T13:39:37Z" finished-at="2020-04-18T13:39:37Z">
          <reporter-output>
          </reporter-output>
        </test-method> <!-- test2 -->
        <test-method status="PASS" signature="test3()[pri:0, instance:com.demo.nopcommerce.TesstNG.TestNGRetryFailedDemo@1b0375b3]" name="test3" duration-ms="4" started-at="2020-04-18T13:39:37Z" finished-at="2020-04-18T13:39:37Z">
          <reporter-output>
          </reporter-output>
        </test-method> <!-- test3 -->
      </class> <!-- com.demo.nopcommerce.TesstNG.TestNGRetryFailedDemo -->
    </test> <!-- sample-maven-project -->
  </suite> <!-- Default Suite -->
</testng-results>
